<?xml version="1.0" encoding="UTF-8" ?>
<testsuite failures="0" time="1.081" errors="0" skipped="0" tests="1" name="com.qinyin.athene.dao.JdbcDaoTest">
  <properties>
    <property name="java.runtime.name" value="Java(TM) SE Runtime Environment"/>
    <property name="sun.boot.library.path" value="D:\Program Files\Java\jdk1.7.0_51\jre\bin"/>
    <property name="java.vm.version" value="24.51-b03"/>
    <property name="java.vm.vendor" value="Oracle Corporation"/>
    <property name="java.vendor.url" value="http://java.oracle.com/"/>
    <property name="path.separator" value=";"/>
    <property name="java.vm.name" value="Java HotSpot(TM) 64-Bit Server VM"/>
    <property name="file.encoding.pkg" value="sun.io"/>
    <property name="user.script" value=""/>
    <property name="user.country" value="CN"/>
    <property name="sun.java.launcher" value="SUN_STANDARD"/>
    <property name="sun.os.patch.level" value="Service Pack 1"/>
    <property name="java.vm.specification.name" value="Java Virtual Machine Specification"/>
    <property name="user.dir" value="D:\eclipseWorkSpace\MavenPro\glacier\athene"/>
    <property name="java.runtime.version" value="1.7.0_51-b13"/>
    <property name="java.awt.graphicsenv" value="sun.awt.Win32GraphicsEnvironment"/>
    <property name="basedir" value="D:\eclipseWorkSpace\MavenPro\glacier\athene"/>
    <property name="java.endorsed.dirs" value="D:\Program Files\Java\jdk1.7.0_51\jre\lib\endorsed"/>
    <property name="os.arch" value="amd64"/>
    <property name="surefire.real.class.path" value="C:\Users\ADMINI~1\AppData\Local\Temp\surefirebooter2691831995807925936.jar"/>
    <property name="java.io.tmpdir" value="C:\Users\ADMINI~1\AppData\Local\Temp\"/>
    <property name="line.separator" value="
"/>
    <property name="java.vm.specification.vendor" value="Oracle Corporation"/>
    <property name="user.variant" value=""/>
    <property name="os.name" value="Windows 7"/>
    <property name="sun.jnu.encoding" value="GBK"/>
    <property name="java.library.path" value="D:\Program Files\Java\jdk1.7.0_51\jre\bin;C:\Windows\Sun\Java\bin;C:\Windows\system32;C:\Windows;C:\Program Files (x86)\Intel\iCLS Client\;C:\Program Files\Intel\iCLS Client\;C:\Windows\system32;C:\Windows;C:\Windows\System32\Wbem;C:\Windows\System32\WindowsPowerShell\v1.0\;D:\Program Files\Java\jdk1.7.0_51\bin;D:\DevelopmentTools\maven3.0.5\bin;D:\Program Files\TortoiseGit\bin;C:\Program Files (x86)\Intel\OpenCL SDK\2.0\bin\x86;C:\Program Files (x86)\Intel\OpenCL SDK\2.0\bin\x64;.;;.;;.;;.;;."/>
    <property name="surefire.test.class.path" value="D:\eclipseWorkSpace\MavenPro\glacier\athene\target\test-classes;D:\eclipseWorkSpace\MavenPro\glacier\athene\target\classes;C:\Users\Administrator\.m2\repository\org\springframework\spring-core\3.0.5.RELEASE\spring-core-3.0.5.RELEASE.jar;C:\Users\Administrator\.m2\repository\org\springframework\spring-asm\3.0.5.RELEASE\spring-asm-3.0.5.RELEASE.jar;C:\Users\Administrator\.m2\repository\commons-logging\commons-logging\1.1.1\commons-logging-1.1.1.jar;C:\Users\Administrator\.m2\repository\org\springframework\spring-aop\3.0.5.RELEASE\spring-aop-3.0.5.RELEASE.jar;C:\Users\Administrator\.m2\repository\org\springframework\spring-beans\3.0.5.RELEASE\spring-beans-3.0.5.RELEASE.jar;C:\Users\Administrator\.m2\repository\org\springframework\spring-orm\3.0.5.RELEASE\spring-orm-3.0.5.RELEASE.jar;C:\Users\Administrator\.m2\repository\org\springframework\spring-tx\3.0.5.RELEASE\spring-tx-3.0.5.RELEASE.jar;C:\Users\Administrator\.m2\repository\org\springframework\spring-web\3.0.5.RELEASE\spring-web-3.0.5.RELEASE.jar;C:\Users\Administrator\.m2\repository\org\springframework\spring-context\3.0.5.RELEASE\spring-context-3.0.5.RELEASE.jar;C:\Users\Administrator\.m2\repository\org\springframework\spring-expression\3.0.5.RELEASE\spring-expression-3.0.5.RELEASE.jar;C:\Users\Administrator\.m2\repository\org\springframework\spring-context-support\3.0.5.RELEASE\spring-context-support-3.0.5.RELEASE.jar;C:\Users\Administrator\.m2\repository\org\springframework\spring-jdbc\3.0.5.RELEASE\spring-jdbc-3.0.5.RELEASE.jar;C:\Users\Administrator\.m2\repository\javax\servlet\jsp-api\2.0\jsp-api-2.0.jar;C:\Users\Administrator\.m2\repository\javax\servlet\servlet-api\2.5\servlet-api-2.5.jar;C:\Users\Administrator\.m2\repository\junit\junit\3.8.1\junit-3.8.1.jar;C:\Users\Administrator\.m2\repository\mysql\mysql-connector-java\5.1.16\mysql-connector-java-5.1.16.jar;C:\Users\Administrator\.m2\repository\p6spy\p6spy\1.3\p6spy-1.3.jar;C:\Users\Administrator\.m2\repository\commons-lang\commons-lang\2.5\commons-lang-2.5.jar;C:\Users\Administrator\.m2\repository\commons-collections\commons-collections\3.2.1\commons-collections-3.2.1.jar;C:\Users\Administrator\.m2\repository\org\freemarker\freemarker\2.3.17\freemarker-2.3.17.jar;C:\Users\Administrator\.m2\repository\org\codehaus\jackson\jackson-core-asl\1.6.2\jackson-core-asl-1.6.2.jar;C:\Users\Administrator\.m2\repository\org\codehaus\jackson\jackson-mapper-asl\1.6.2\jackson-mapper-asl-1.6.2.jar;C:\Users\Administrator\.m2\repository\commons-dbcp\commons-dbcp\1.2.2\commons-dbcp-1.2.2.jar;C:\Users\Administrator\.m2\repository\c3p0\c3p0\0.9.1.2\c3p0-0.9.1.2.jar;C:\Users\Administrator\.m2\repository\commons-beanutils\commons-beanutils\1.8.3\commons-beanutils-1.8.3.jar;C:\Users\Administrator\.m2\repository\commons-codec\commons-codec\1.4\commons-codec-1.4.jar;C:\Users\Administrator\.m2\repository\cglib\cglib-nodep\2.2\cglib-nodep-2.2.jar;C:\Users\Administrator\.m2\repository\aopalliance\aopalliance\1.0\aopalliance-1.0.jar;C:\Users\Administrator\.m2\repository\commons-pool\commons-pool\1.5.3\commons-pool-1.5.3.jar;C:\Users\Administrator\.m2\repository\com\googlecode\htmlcompressor\htmlcompressor\1.4\htmlcompressor-1.4.jar;C:\Users\Administrator\.m2\repository\com\google\javascript\closure-compiler\r1043\closure-compiler-r1043.jar;C:\Users\Administrator\.m2\repository\args4j\args4j\2.0.12\args4j-2.0.12.jar;C:\Users\Administrator\.m2\repository\com\google\guava\guava\r08\guava-r08.jar;C:\Users\Administrator\.m2\repository\com\google\protobuf\protobuf-java\2.3.0\protobuf-java-2.3.0.jar;C:\Users\Administrator\.m2\repository\org\json\json\20090211\json-20090211.jar;C:\Users\Administrator\.m2\repository\org\apache\ant\ant\1.8.1\ant-1.8.1.jar;C:\Users\Administrator\.m2\repository\org\apache\ant\ant-launcher\1.8.1\ant-launcher-1.8.1.jar;C:\Users\Administrator\.m2\repository\com\google\code\findbugs\jsr305\1.3.9\jsr305-1.3.9.jar;C:\Users\Administrator\.m2\repository\com\yahoo\platform\yui\yuicompressor\2.4.6\yuicompressor-2.4.6.jar;C:\Users\Administrator\.m2\repository\rhino\js\1.6R7\js-1.6R7.jar;C:\Users\Administrator\.m2\repository\ch\qos\logback\logback-classic\0.9.28\logback-classic-0.9.28.jar;C:\Users\Administrator\.m2\repository\ch\qos\logback\logback-core\0.9.28\logback-core-0.9.28.jar;C:\Users\Administrator\.m2\repository\org\slf4j\slf4j-api\1.6.1\slf4j-api-1.6.1.jar;C:\Users\Administrator\.m2\repository\log4j\log4j\1.2.16\log4j-1.2.16.jar;C:\Users\Administrator\.m2\repository\maven\dom4j\1.7-20060614\dom4j-1.7-20060614.jar;C:\Users\Administrator\.m2\repository\jaxme\jaxme-api\0.3\jaxme-api-0.3.jar;C:\Users\Administrator\.m2\repository\jaxen\jaxen\1.1-beta-8\jaxen-1.1-beta-8.jar;C:\Users\Administrator\.m2\repository\dom4j\dom4j\1.6.1\dom4j-1.6.1.jar;C:\Users\Administrator\.m2\repository\xml-apis\xml-apis\1.0.b2\xml-apis-1.0.b2.jar;C:\Users\Administrator\.m2\repository\jdom\jdom\1.0\jdom-1.0.jar;C:\Users\Administrator\.m2\repository\xerces\xmlParserAPIs\2.6.2\xmlParserAPIs-2.6.2.jar;C:\Users\Administrator\.m2\repository\xerces\xercesImpl\2.6.2\xercesImpl-2.6.2.jar;C:\Users\Administrator\.m2\repository\xom\xom\1.0b3\xom-1.0b3.jar;C:\Users\Administrator\.m2\repository\com\ibm\icu\icu4j\2.6.1\icu4j-2.6.1.jar;C:\Users\Administrator\.m2\repository\xalan\xalan\2.6.0\xalan-2.6.0.jar;C:\Users\Administrator\.m2\repository\org\ccil\cowan\tagsoup\tagsoup\0.9.7\tagsoup-0.9.7.jar;C:\Users\Administrator\.m2\repository\msv\xsdlib\20030807\xsdlib-20030807.jar;C:\Users\Administrator\.m2\repository\msv\relaxngDatatype\20030807\relaxngDatatype-20030807.jar;C:\Users\Administrator\.m2\repository\pull-parser\pull-parser\2.1.10\pull-parser-2.1.10.jar;C:\Users\Administrator\.m2\repository\xpp3\xpp3\1.1.3.3\xpp3-1.1.3.3.jar;C:\Users\Administrator\.m2\repository\stax\stax-api\1.0\stax-api-1.0.jar;C:\Users\Administrator\.m2\repository\junitperf\junitperf\1.8\junitperf-1.8.jar;C:\Users\Administrator\.m2\repository\org\apache\velocity\velocity\1.7\velocity-1.7.jar;C:\Users\Administrator\.m2\repository\org\apache\poi\poi\3.7\poi-3.7.jar;C:\Users\Administrator\.m2\repository\org\apache\catalina\1.0\catalina-1.0.jar;C:\Users\Administrator\.m2\repository\opensymphony\quartz\1.6.2\quartz-1.6.2.jar;C:\Users\Administrator\.m2\repository\janino\janino\2.5.10\janino-2.5.10.jar;"/>
    <property name="java.specification.name" value="Java Platform API Specification"/>
    <property name="java.class.version" value="51.0"/>
    <property name="sun.management.compiler" value="HotSpot 64-Bit Tiered Compilers"/>
    <property name="os.version" value="6.1"/>
    <property name="user.home" value="C:\Users\Administrator"/>
    <property name="user.timezone" value="Asia/Shanghai"/>
    <property name="java.awt.printerjob" value="sun.awt.windows.WPrinterJob"/>
    <property name="java.specification.version" value="1.7"/>
    <property name="file.encoding" value="GBK"/>
    <property name="user.name" value="Administrator"/>
    <property name="java.class.path" value="D:\eclipseWorkSpace\MavenPro\glacier\athene\target\test-classes;D:\eclipseWorkSpace\MavenPro\glacier\athene\target\classes;C:\Users\Administrator\.m2\repository\org\springframework\spring-core\3.0.5.RELEASE\spring-core-3.0.5.RELEASE.jar;C:\Users\Administrator\.m2\repository\org\springframework\spring-asm\3.0.5.RELEASE\spring-asm-3.0.5.RELEASE.jar;C:\Users\Administrator\.m2\repository\commons-logging\commons-logging\1.1.1\commons-logging-1.1.1.jar;C:\Users\Administrator\.m2\repository\org\springframework\spring-aop\3.0.5.RELEASE\spring-aop-3.0.5.RELEASE.jar;C:\Users\Administrator\.m2\repository\org\springframework\spring-beans\3.0.5.RELEASE\spring-beans-3.0.5.RELEASE.jar;C:\Users\Administrator\.m2\repository\org\springframework\spring-orm\3.0.5.RELEASE\spring-orm-3.0.5.RELEASE.jar;C:\Users\Administrator\.m2\repository\org\springframework\spring-tx\3.0.5.RELEASE\spring-tx-3.0.5.RELEASE.jar;C:\Users\Administrator\.m2\repository\org\springframework\spring-web\3.0.5.RELEASE\spring-web-3.0.5.RELEASE.jar;C:\Users\Administrator\.m2\repository\org\springframework\spring-context\3.0.5.RELEASE\spring-context-3.0.5.RELEASE.jar;C:\Users\Administrator\.m2\repository\org\springframework\spring-expression\3.0.5.RELEASE\spring-expression-3.0.5.RELEASE.jar;C:\Users\Administrator\.m2\repository\org\springframework\spring-context-support\3.0.5.RELEASE\spring-context-support-3.0.5.RELEASE.jar;C:\Users\Administrator\.m2\repository\org\springframework\spring-jdbc\3.0.5.RELEASE\spring-jdbc-3.0.5.RELEASE.jar;C:\Users\Administrator\.m2\repository\javax\servlet\jsp-api\2.0\jsp-api-2.0.jar;C:\Users\Administrator\.m2\repository\javax\servlet\servlet-api\2.5\servlet-api-2.5.jar;C:\Users\Administrator\.m2\repository\junit\junit\3.8.1\junit-3.8.1.jar;C:\Users\Administrator\.m2\repository\mysql\mysql-connector-java\5.1.16\mysql-connector-java-5.1.16.jar;C:\Users\Administrator\.m2\repository\p6spy\p6spy\1.3\p6spy-1.3.jar;C:\Users\Administrator\.m2\repository\commons-lang\commons-lang\2.5\commons-lang-2.5.jar;C:\Users\Administrator\.m2\repository\commons-collections\commons-collections\3.2.1\commons-collections-3.2.1.jar;C:\Users\Administrator\.m2\repository\org\freemarker\freemarker\2.3.17\freemarker-2.3.17.jar;C:\Users\Administrator\.m2\repository\org\codehaus\jackson\jackson-core-asl\1.6.2\jackson-core-asl-1.6.2.jar;C:\Users\Administrator\.m2\repository\org\codehaus\jackson\jackson-mapper-asl\1.6.2\jackson-mapper-asl-1.6.2.jar;C:\Users\Administrator\.m2\repository\commons-dbcp\commons-dbcp\1.2.2\commons-dbcp-1.2.2.jar;C:\Users\Administrator\.m2\repository\c3p0\c3p0\0.9.1.2\c3p0-0.9.1.2.jar;C:\Users\Administrator\.m2\repository\commons-beanutils\commons-beanutils\1.8.3\commons-beanutils-1.8.3.jar;C:\Users\Administrator\.m2\repository\commons-codec\commons-codec\1.4\commons-codec-1.4.jar;C:\Users\Administrator\.m2\repository\cglib\cglib-nodep\2.2\cglib-nodep-2.2.jar;C:\Users\Administrator\.m2\repository\aopalliance\aopalliance\1.0\aopalliance-1.0.jar;C:\Users\Administrator\.m2\repository\commons-pool\commons-pool\1.5.3\commons-pool-1.5.3.jar;C:\Users\Administrator\.m2\repository\com\googlecode\htmlcompressor\htmlcompressor\1.4\htmlcompressor-1.4.jar;C:\Users\Administrator\.m2\repository\com\google\javascript\closure-compiler\r1043\closure-compiler-r1043.jar;C:\Users\Administrator\.m2\repository\args4j\args4j\2.0.12\args4j-2.0.12.jar;C:\Users\Administrator\.m2\repository\com\google\guava\guava\r08\guava-r08.jar;C:\Users\Administrator\.m2\repository\com\google\protobuf\protobuf-java\2.3.0\protobuf-java-2.3.0.jar;C:\Users\Administrator\.m2\repository\org\json\json\20090211\json-20090211.jar;C:\Users\Administrator\.m2\repository\org\apache\ant\ant\1.8.1\ant-1.8.1.jar;C:\Users\Administrator\.m2\repository\org\apache\ant\ant-launcher\1.8.1\ant-launcher-1.8.1.jar;C:\Users\Administrator\.m2\repository\com\google\code\findbugs\jsr305\1.3.9\jsr305-1.3.9.jar;C:\Users\Administrator\.m2\repository\com\yahoo\platform\yui\yuicompressor\2.4.6\yuicompressor-2.4.6.jar;C:\Users\Administrator\.m2\repository\rhino\js\1.6R7\js-1.6R7.jar;C:\Users\Administrator\.m2\repository\ch\qos\logback\logback-classic\0.9.28\logback-classic-0.9.28.jar;C:\Users\Administrator\.m2\repository\ch\qos\logback\logback-core\0.9.28\logback-core-0.9.28.jar;C:\Users\Administrator\.m2\repository\org\slf4j\slf4j-api\1.6.1\slf4j-api-1.6.1.jar;C:\Users\Administrator\.m2\repository\log4j\log4j\1.2.16\log4j-1.2.16.jar;C:\Users\Administrator\.m2\repository\maven\dom4j\1.7-20060614\dom4j-1.7-20060614.jar;C:\Users\Administrator\.m2\repository\jaxme\jaxme-api\0.3\jaxme-api-0.3.jar;C:\Users\Administrator\.m2\repository\jaxen\jaxen\1.1-beta-8\jaxen-1.1-beta-8.jar;C:\Users\Administrator\.m2\repository\dom4j\dom4j\1.6.1\dom4j-1.6.1.jar;C:\Users\Administrator\.m2\repository\xml-apis\xml-apis\1.0.b2\xml-apis-1.0.b2.jar;C:\Users\Administrator\.m2\repository\jdom\jdom\1.0\jdom-1.0.jar;C:\Users\Administrator\.m2\repository\xerces\xmlParserAPIs\2.6.2\xmlParserAPIs-2.6.2.jar;C:\Users\Administrator\.m2\repository\xerces\xercesImpl\2.6.2\xercesImpl-2.6.2.jar;C:\Users\Administrator\.m2\repository\xom\xom\1.0b3\xom-1.0b3.jar;C:\Users\Administrator\.m2\repository\com\ibm\icu\icu4j\2.6.1\icu4j-2.6.1.jar;C:\Users\Administrator\.m2\repository\xalan\xalan\2.6.0\xalan-2.6.0.jar;C:\Users\Administrator\.m2\repository\org\ccil\cowan\tagsoup\tagsoup\0.9.7\tagsoup-0.9.7.jar;C:\Users\Administrator\.m2\repository\msv\xsdlib\20030807\xsdlib-20030807.jar;C:\Users\Administrator\.m2\repository\msv\relaxngDatatype\20030807\relaxngDatatype-20030807.jar;C:\Users\Administrator\.m2\repository\pull-parser\pull-parser\2.1.10\pull-parser-2.1.10.jar;C:\Users\Administrator\.m2\repository\xpp3\xpp3\1.1.3.3\xpp3-1.1.3.3.jar;C:\Users\Administrator\.m2\repository\stax\stax-api\1.0\stax-api-1.0.jar;C:\Users\Administrator\.m2\repository\junitperf\junitperf\1.8\junitperf-1.8.jar;C:\Users\Administrator\.m2\repository\org\apache\velocity\velocity\1.7\velocity-1.7.jar;C:\Users\Administrator\.m2\repository\org\apache\poi\poi\3.7\poi-3.7.jar;C:\Users\Administrator\.m2\repository\org\apache\catalina\1.0\catalina-1.0.jar;C:\Users\Administrator\.m2\repository\opensymphony\quartz\1.6.2\quartz-1.6.2.jar;C:\Users\Administrator\.m2\repository\janino\janino\2.5.10\janino-2.5.10.jar;"/>
    <property name="java.vm.specification.version" value="1.7"/>
    <property name="sun.arch.data.model" value="64"/>
    <property name="java.home" value="D:\Program Files\Java\jdk1.7.0_51\jre"/>
    <property name="sun.java.command" value="C:\Users\ADMINI~1\AppData\Local\Temp\surefirebooter2691831995807925936.jar C:\Users\ADMINI~1\AppData\Local\Temp\surefire7603155996844014587tmp C:\Users\ADMINI~1\AppData\Local\Temp\surefire4160077350178044580tmp"/>
    <property name="java.specification.vendor" value="Oracle Corporation"/>
    <property name="user.language" value="zh"/>
    <property name="awt.toolkit" value="sun.awt.windows.WToolkit"/>
    <property name="java.vm.info" value="mixed mode"/>
    <property name="java.version" value="1.7.0_51"/>
    <property name="java.ext.dirs" value="D:\Program Files\Java\jdk1.7.0_51\jre\lib\ext;C:\Windows\Sun\Java\lib\ext"/>
    <property name="sun.boot.class.path" value="D:\Program Files\Java\jdk1.7.0_51\jre\lib\resources.jar;D:\Program Files\Java\jdk1.7.0_51\jre\lib\rt.jar;D:\Program Files\Java\jdk1.7.0_51\jre\lib\sunrsasign.jar;D:\Program Files\Java\jdk1.7.0_51\jre\lib\jsse.jar;D:\Program Files\Java\jdk1.7.0_51\jre\lib\jce.jar;D:\Program Files\Java\jdk1.7.0_51\jre\lib\charsets.jar;D:\Program Files\Java\jdk1.7.0_51\jre\lib\jfr.jar;D:\Program Files\Java\jdk1.7.0_51\jre\classes"/>
    <property name="java.vendor" value="Oracle Corporation"/>
    <property name="localRepository" value="C:\Users\Administrator\.m2\repository"/>
    <property name="file.separator" value="\"/>
    <property name="java.vendor.url.bug" value="http://bugreport.sun.com/bugreport/"/>
    <property name="sun.cpu.endian" value="little"/>
    <property name="sun.io.unicode.encoding" value="UnicodeLittle"/>
    <property name="sun.desktop" value="windows"/>
    <property name="sun.cpu.isalist" value="amd64"/>
  </properties>
  <testcase time="1.067" classname="com.qinyin.athene.dao.JdbcDaoTest" name="testDao"/>
</testsuite>